#
# There is insufficient memory for the Java Runtime Environment to continue.
# Native memory allocation (mmap) failed to map 94371840 bytes for G1 virtual space
# Possible reasons:
#   The system is out of physical RAM or swap space
#   The process is running with CompressedOops enabled, and the Java Heap may be blocking the growth of the native heap
# Possible solutions:
#   Reduce memory load on the system
#   Increase physical memory or swap space
#   Check if swap backing store is full
#   Decrease Java heap size (-Xmx/-Xms)
#   Decrease number of Java threads
#   Decrease Java thread stack sizes (-Xss)
#   Set larger code cache with -XX:ReservedCodeCacheSize=
#   JVM is running with Unscaled Compressed Oops mode in which the Java heap is
#     placed in the first 4GB address space. The Java Heap base address is the
#     maximum limit for the native heap growth. Please use -XX:HeapBaseMinAddress
#     to set the Java Heap base and to place the Java Heap above 4GB virtual address.
# This output file may be truncated or incomplete.
#
#  Out of Memory Error (os_windows.cpp:3600), pid=22876, tid=39892
#
# JRE version: Java(TM) SE Runtime Environment (21.0+35) (build 21+35-LTS-2513)
# Java VM: Java HotSpot(TM) 64-Bit Server VM (21+35-LTS-2513, mixed mode, sharing, tiered, compressed oops, compressed class ptrs, g1 gc, windows-amd64)
# No core dump will be written. Minidumps are not enabled by default on client versions of Windows
#

---------------  S U M M A R Y ------------

Command Line: org.jetbrains.kotlin.cli.jvm.K2JVMCompiler @C:\Users\alisa\AndroidStudioProjects\pawfect_match\app\build\20250502_10743067682958854741.compiler.options

Host: AMD Ryzen 5 4500U with Radeon Graphics         , 6 cores, 7G,  Windows 11 , 64 bit Build 22621 (10.0.22621.5124)
Time: Fri May  2 22:06:56 2025 RTZ 2 (s 11 , 64 bit Build 22621 (10.0.22621.5124) elapsed time: 19.273196 seconds (0d 0h 0m 19s)

---------------  T H R E A D  ---------------

Current thread (0x0000025f30af56a0):  VMThread "VM Thread"          [id=39892, stack(0x0000007324b00000,0x0000007324c00000) (1024K)]

Stack: [0x0000007324b00000,0x0000007324c00000]
Native frames: (J=compiled Java code, j=interpreted, Vv=VM code, C=native code)
V  [jvm.dll+0x6c8d39]
V  [jvm.dll+0x854091]
V  [jvm.dll+0x85630e]
V  [jvm.dll+0x8569e3]
V  [jvm.dll+0x2809a6]
V  [jvm.dll+0x6c5425]
V  [jvm.dll+0x6b9e1a]
V  [jvm.dll+0x3555ba]
V  [jvm.dll+0x35d206]
V  [jvm.dll+0x3adf6e]
V  [jvm.dll+0x3ae218]
V  [jvm.dll+0x328fcc]
V  [jvm.dll+0x329057]
V  [jvm.dll+0x36d90c]
V  [jvm.dll+0x36c10d]
V  [jvm.dll+0x328741]
V  [jvm.dll+0x36b81a]
V  [jvm.dll+0x85c4e8]
V  [jvm.dll+0x85d5e4]
V  [jvm.dll+0x85db20]
V  [jvm.dll+0x85ddc3]
V  [jvm.dll+0x7fd2c8]
V  [jvm.dll+0x6c748d]
C  [ucrtbase.dll+0x29333]
C  [KERNEL32.DLL+0x1259d]
C  [ntdll.dll+0x5af38]

VM_Operation (0x00000073244f9120): G1CollectForAllocation, mode: safepoint, requested by thread 0x0000025f1488f930


---------------  P R O C E S S  ---------------

Threads class SMR info:
_java_thread_list=0x0000025f76559ac0, length=11, elements={
0x0000025f1488f930, 0x0000025f30b17400, 0x0000025f30b18130, 0x0000025f30b1a780,
0x0000025f30b1b1e0, 0x0000025f30b1bc40, 0x0000025f30b1c6a0, 0x0000025f30b1d430,
0x0000025f30b1ded0, 0x0000025f761140f0, 0x0000025f76116b80
}

Java Threads: ( => current thread )
  0x0000025f1488f930 JavaThread "main"                              [_thread_blocked, id=39604, stack(0x0000007324400000,0x0000007324500000) (1024K)]
  0x0000025f30b17400 JavaThread "Reference Handler"          daemon [_thread_blocked, id=26060, stack(0x0000007324c00000,0x0000007324d00000) (1024K)]
  0x0000025f30b18130 JavaThread "Finalizer"                  daemon [_thread_blocked, id=16864, stack(0x0000007324d00000,0x0000007324e00000) (1024K)]
  0x0000025f30b1a780 JavaThread "Signal Dispatcher"          daemon [_thread_blocked, id=23568, stack(0x0000007324e00000,0x0000007324f00000) (1024K)]
  0x0000025f30b1b1e0 JavaThread "Attach Listener"            daemon [_thread_blocked, id=18916, stack(0x0000007324f00000,0x0000007325000000) (1024K)]
  0x0000025f30b1bc40 JavaThread "Service Thread"             daemon [_thread_blocked, id=13540, stack(0x0000007325000000,0x0000007325100000) (1024K)]
  0x0000025f30b1c6a0 JavaThread "Monitor Deflation Thread"   daemon [_thread_blocked, id=7372, stack(0x0000007325100000,0x0000007325200000) (1024K)]
  0x0000025f30b1d430 JavaThread "C2 CompilerThread0"         daemon [_thread_blocked, id=30020, stack(0x0000007325200000,0x0000007325300000) (1024K)]
  0x0000025f30b1ded0 JavaThread "C1 CompilerThread0"         daemon [_thread_blocked, id=26108, stack(0x0000007325300000,0x0000007325400000) (1024K)]
  0x0000025f761140f0 JavaThread "Notification Thread"        daemon [_thread_blocked, id=17068, stack(0x0000007325400000,0x0000007325500000) (1024K)]
  0x0000025f76116b80 JavaThread "Common-Cleaner"             daemon [_thread_blocked, id=22196, stack(0x0000007325500000,0x0000007325600000) (1024K)]
Total: 11

Other Threads:
=>0x0000025f30af56a0 VMThread "VM Thread"                           [id=39892, stack(0x0000007324b00000,0x0000007324c00000) (1024K)]
  0x0000025f30adf280 WatcherThread "VM Periodic Task Thread"        [id=31368, stack(0x0000007324a00000,0x0000007324b00000) (1024K)]
  0x0000025f148deca0 WorkerThread "GC Thread#0"                     [id=29884, stack(0x0000007324500000,0x0000007324600000) (1024K)]
  0x0000025f767208c0 WorkerThread "GC Thread#1"                     [id=29944, stack(0x0000007325600000,0x0000007325700000) (1024K)]
  0x0000025f7673a3a0 WorkerThread "GC Thread#2"                     [id=22744, stack(0x0000007325700000,0x0000007325800000) (1024K)]
  0x0000025f7673a740 WorkerThread "GC Thread#3"                     [id=39852, stack(0x0000007325800000,0x0000007325900000) (1024K)]
  0x0000025f7673aae0 WorkerThread "GC Thread#4"                     [id=38288, stack(0x0000007325900000,0x0000007325a00000) (1024K)]
  0x0000025f7670d210 WorkerThread "GC Thread#5"                     [id=1672, stack(0x0000007325a00000,0x0000007325b00000) (1024K)]
  0x0000025f148eea00 ConcurrentGCThread "G1 Main Marker"            [id=14940, stack(0x0000007324600000,0x0000007324700000) (1024K)]
  0x0000025f148f0110 WorkerThread "G1 Conc#0"                       [id=24892, stack(0x0000007324700000,0x0000007324800000) (1024K)]
  0x0000025f774dae70 WorkerThread "G1 Conc#1"                       [id=38124, stack(0x0000007325b00000,0x0000007325c00000) (1024K)]
  0x0000025f309b30d0 ConcurrentGCThread "G1 Refine#0"               [id=36708, stack(0x0000007324800000,0x0000007324900000) (1024K)]
  0x0000025f309b3b40 ConcurrentGCThread "G1 Service"                [id=30420, stack(0x0000007324900000,0x0000007324a00000) (1024K)]
Total: 13

Threads with active compile tasks:
C2 CompilerThread0    19309 5422       4       java.lang.invoke.MethodType::methodType (69 bytes)
C1 CompilerThread0    19309 5484       3       java.util.PriorityQueue::siftDownComparable (100 bytes)
Total: 2

VM state: at safepoint (normal execution)

VM Mutex/Monitor currently owned by a thread:  ([mutex/lock_event])
[0x00007ff9e0b48548] Threads_lock - owner thread: 0x0000025f30af56a0
[0x00007ff9e0b48648] Heap_lock - owner thread: 0x0000025f1488f930

Heap address: 0x0000000089400000, size: 1900 MB, Compressed Oops mode: 32-bit

CDS archive(s) mapped at: [0x0000025f31000000-0x0000025f31c90000-0x0000025f31c90000), size 13172736, SharedBaseAddress: 0x0000025f31000000, ArchiveRelocationMode: 1.
Compressed class space mapped at: 0x0000025f32000000-0x0000025f72000000, reserved size: 1073741824
Narrow klass base: 0x0000025f31000000, Narrow klass shift: 0, Narrow klass range: 0x100000000

GC Precious Log:
 CardTable entry size: 512
 Card Set container configuration: InlinePtr #cards 5 size 8 Array Of Cards #cards 12 size 40 Howl #buckets 4 coarsen threshold 1843 Howl Bitmap #cards 512 size 80 coarsen threshold 460 Card regions per heap region 1 cards per card region 2048
 CPUs: 6 total, 6 available
 Memory: 7599M
 Large Page Support: Disabled
 NUMA Support: Disabled
 Compressed Oops: Enabled (32-bit)
 Heap Region Size: 1M
 Heap Min Capacity: 8M
 Heap Initial Capacity: 120M
 Heap Max Capacity: 1900M
 Pre-touch: Disabled
 Parallel Workers: 6
 Concurrent Workers: 2
 Concurrent Refinement Workers: 6
 Periodic GC: Disabled

Heap:
 garbage-first heap   total 123904K, used 65536K [0x0000000089400000, 0x0000000100000000)
  region size 1024K, 3 young (3072K), 3 survivors (3072K)
 Metaspace       used 42809K, committed 43136K, reserved 1114112K
  class space    used 5030K, committed 5184K, reserved 1048576K

Heap Regions: E=young(eden), S=young(survivor), O=old, HS=humongous(starts), HC=humongous(continues), CS=collection set, F=free, TAMS=top-at-mark-start, PB=parsable bottom
|   0|0x0000000089400000, 0x0000000089500000, 0x0000000089500000|100%|HS|  |TAMS 0x0000000089400000| PB 0x0000000089400000| Complete 
|   1|0x0000000089500000, 0x0000000089600000, 0x0000000089600000|100%|HC|  |TAMS 0x0000000089500000| PB 0x0000000089500000| Complete 
|   2|0x0000000089600000, 0x0000000089700000, 0x0000000089700000|100%|HC|  |TAMS 0x0000000089600000| PB 0x0000000089600000| Complete 
|   3|0x0000000089700000, 0x0000000089800000, 0x0000000089800000|100%| O|  |TAMS 0x0000000089700000| PB 0x0000000089700000| Untracked 
|   4|0x0000000089800000, 0x0000000089900000, 0x0000000089900000|100%| O|  |TAMS 0x0000000089800000| PB 0x0000000089800000| Untracked 
|   5|0x0000000089900000, 0x0000000089a00000, 0x0000000089a00000|100%| O|  |TAMS 0x0000000089900000| PB 0x0000000089900000| Untracked 
|   6|0x0000000089a00000, 0x0000000089b00000, 0x0000000089b00000|100%| O|  |TAMS 0x0000000089a00000| PB 0x0000000089a00000| Untracked 
|   7|0x0000000089b00000, 0x0000000089c00000, 0x0000000089c00000|100%| O|  |TAMS 0x0000000089b00000| PB 0x0000000089b00000| Untracked 
|   8|0x0000000089c00000, 0x0000000089d00000, 0x0000000089d00000|100%| O|  |TAMS 0x0000000089c00000| PB 0x0000000089c00000| Untracked 
|   9|0x0000000089d00000, 0x0000000089e00000, 0x0000000089e00000|100%| O|  |TAMS 0x0000000089d00000| PB 0x0000000089d00000| Untracked 
|  10|0x0000000089e00000, 0x0000000089f00000, 0x0000000089f00000|100%| O|  |TAMS 0x0000000089e00000| PB 0x0000000089e00000| Untracked 
|  11|0x0000000089f00000, 0x000000008a000000, 0x000000008a000000|100%| O|  |TAMS 0x0000000089f00000| PB 0x0000000089f00000| Untracked 
|  12|0x000000008a000000, 0x000000008a100000, 0x000000008a100000|100%| O|  |TAMS 0x000000008a000000| PB 0x000000008a000000| Untracked 
|  13|0x000000008a100000, 0x000000008a200000, 0x000000008a200000|100%| O|  |TAMS 0x000000008a100000| PB 0x000000008a100000| Untracked 
|  14|0x000000008a200000, 0x000000008a300000, 0x000000008a300000|100%| O|  |TAMS 0x000000008a200000| PB 0x000000008a200000| Untracked 
|  15|0x000000008a300000, 0x000000008a400000, 0x000000008a400000|100%| O|  |TAMS 0x000000008a300000| PB 0x000000008a300000| Untracked 
|  16|0x000000008a400000, 0x000000008a500000, 0x000000008a500000|100%| O|  |TAMS 0x000000008a400000| PB 0x000000008a400000| Untracked 
|  17|0x000000008a500000, 0x000000008a600000, 0x000000008a600000|100%| O|  |TAMS 0x000000008a500000| PB 0x000000008a500000| Untracked 
|  18|0x000000008a600000, 0x000000008a700000, 0x000000008a700000|100%| O|  |TAMS 0x000000008a600000| PB 0x000000008a600000| Untracked 
|  19|0x000000008a700000, 0x000000008a800000, 0x000000008a800000|100%| O|  |TAMS 0x000000008a700000| PB 0x000000008a700000| Untracked 
|  20|0x000000008a800000, 0x000000008a900000, 0x000000008a900000|100%| O|  |TAMS 0x000000008a800000| PB 0x000000008a800000| Untracked 
|  21|0x000000008a900000, 0x000000008aa00000, 0x000000008aa00000|100%| O|  |TAMS 0x000000008a900000| PB 0x000000008a900000| Untracked 
|  22|0x000000008aa00000, 0x000000008ab00000, 0x000000008ab00000|100%| O|  |TAMS 0x000000008aa00000| PB 0x000000008aa00000| Untracked 
|  23|0x000000008ab00000, 0x000000008ac00000, 0x000000008ac00000|100%| O|  |TAMS 0x000000008ab00000| PB 0x000000008ab00000| Untracked 
|  24|0x000000008ac00000, 0x000000008ad00000, 0x000000008ad00000|100%| O|  |TAMS 0x000000008ac00000| PB 0x000000008ac00000| Untracked 
|  25|0x000000008ad00000, 0x000000008ae00000, 0x000000008ae00000|100%| O|  |TAMS 0x000000008ad00000| PB 0x000000008ad00000| Untracked 
|  26|0x000000008ae00000, 0x000000008af00000, 0x000000008af00000|100%| O|  |TAMS 0x000000008ae00000| PB 0x000000008ae00000| Untracked 
|  27|0x000000008af00000, 0x000000008b000000, 0x000000008b000000|100%| O|  |TAMS 0x000000008af00000| PB 0x000000008af00000| Untracked 
|  28|0x000000008b000000, 0x000000008b100000, 0x000000008b100000|100%| O|  |TAMS 0x000000008b000000| PB 0x000000008b000000| Untracked 
|  29|0x000000008b100000, 0x000000008b200000, 0x000000008b200000|100%| O|  |TAMS 0x000000008b100000| PB 0x000000008b100000| Untracked 
|  30|0x000000008b200000, 0x000000008b300000, 0x000000008b300000|100%| O|  |TAMS 0x000000008b200000| PB 0x000000008b200000| Untracked 
|  31|0x000000008b300000, 0x000000008b400000, 0x000000008b400000|100%| O|  |TAMS 0x000000008b300000| PB 0x000000008b300000| Untracked 
|  32|0x000000008b400000, 0x000000008b500000, 0x000000008b500000|100%| O|  |TAMS 0x000000008b400000| PB 0x000000008b400000| Untracked 
|  33|0x000000008b500000, 0x000000008b600000, 0x000000008b600000|100%| O|  |TAMS 0x000000008b500000| PB 0x000000008b500000| Untracked 
|  34|0x000000008b600000, 0x000000008b700000, 0x000000008b700000|100%| O|  |TAMS 0x000000008b600000| PB 0x000000008b600000| Untracked 
|  35|0x000000008b700000, 0x000000008b800000, 0x000000008b800000|100%| O|  |TAMS 0x000000008b700000| PB 0x000000008b700000| Untracked 
|  36|0x000000008b800000, 0x000000008b900000, 0x000000008b900000|100%| O|  |TAMS 0x000000008b800000| PB 0x000000008b800000| Untracked 
|  37|0x000000008b900000, 0x000000008b900000, 0x000000008ba00000|  0%| F|  |TAMS 0x000000008b900000| PB 0x000000008b900000| Untracked 
|  38|0x000000008ba00000, 0x000000008bb00000, 0x000000008bb00000|100%| O|  |TAMS 0x000000008ba00000| PB 0x000000008ba00000| Untracked 
|  39|0x000000008bb00000, 0x000000008bc00000, 0x000000008bc00000|100%| O|  |TAMS 0x000000008bb00000| PB 0x000000008bb00000| Untracked 
|  40|0x000000008bc00000, 0x000000008bd00000, 0x000000008bd00000|100%| O|  |TAMS 0x000000008bc00000| PB 0x000000008bc00000| Untracked 
|  41|0x000000008bd00000, 0x000000008be00000, 0x000000008be00000|100%| O|  |TAMS 0x000000008bd00000| PB 0x000000008bd00000| Untracked 
|  42|0x000000008be00000, 0x000000008bf00000, 0x000000008bf00000|100%| O|  |TAMS 0x000000008be00000| PB 0x000000008be00000| Untracked 
|  43|0x000000008bf00000, 0x000000008c000000, 0x000000008c000000|100%| O|  |TAMS 0x000000008bf00000| PB 0x000000008bf00000| Untracked 
|  44|0x000000008c000000, 0x000000008c100000, 0x000000008c100000|100%| O|  |TAMS 0x000000008c000000| PB 0x000000008c000000| Untracked 
|  45|0x000000008c100000, 0x000000008c200000, 0x000000008c200000|100%| O|  |TAMS 0x000000008c100000| PB 0x000000008c100000| Untracked 
|  46|0x000000008c200000, 0x000000008c300000, 0x000000008c300000|100%| O|  |TAMS 0x000000008c200000| PB 0x000000008c200000| Untracked 
|  47|0x000000008c300000, 0x000000008c400000, 0x000000008c400000|100%| O|  |TAMS 0x000000008c300000| PB 0x000000008c300000| Untracked 
|  48|0x000000008c400000, 0x000000008c500000, 0x000000008c500000|100%| O|  |TAMS 0x000000008c400000| PB 0x000000008c400000| Untracked 
|  49|0x000000008c500000, 0x000000008c600000, 0x000000008c600000|100%| O|  |TAMS 0x000000008c500000| PB 0x000000008c500000| Untracked 
|  50|0x000000008c600000, 0x000000008c700000, 0x000000008c700000|100%| O|  |TAMS 0x000000008c600000| PB 0x000000008c600000| Untracked 
|  51|0x000000008c700000, 0x000000008c800000, 0x000000008c800000|100%| O|  |TAMS 0x000000008c700000| PB 0x000000008c700000| Untracked 
|  52|0x000000008c800000, 0x000000008c900000, 0x000000008c900000|100%| O|  |TAMS 0x000000008c800000| PB 0x000000008c800000| Untracked 
|  53|0x000000008c900000, 0x000000008ca00000, 0x000000008ca00000|100%| O|  |TAMS 0x000000008c900000| PB 0x000000008c900000| Untracked 
|  54|0x000000008ca00000, 0x000000008cb00000, 0x000000008cb00000|100%| O|  |TAMS 0x000000008ca00000| PB 0x000000008ca00000| Untracked 
|  55|0x000000008cb00000, 0x000000008cc00000, 0x000000008cc00000|100%| O|  |TAMS 0x000000008cb00000| PB 0x000000008cb00000| Untracked 
|  56|0x000000008cc00000, 0x000000008cd00000, 0x000000008cd00000|100%| O|  |TAMS 0x000000008cc00000| PB 0x000000008cc00000| Untracked 
|  57|0x000000008cd00000, 0x000000008ce00000, 0x000000008ce00000|100%| O|  |TAMS 0x000000008cd00000| PB 0x000000008cd00000| Untracked 
|  58|0x000000008ce00000, 0x000000008cf00000, 0x000000008cf00000|100%| O|  |TAMS 0x000000008ce00000| PB 0x000000008ce00000| Untracked 
|  59|0x000000008cf00000, 0x000000008d000000, 0x000000008d000000|100%| O|  |TAMS 0x000000008cf00000| PB 0x000000008cf00000| Untracked 
|  60|0x000000008d000000, 0x000000008d100000, 0x000000008d100000|100%| O|  |TAMS 0x000000008d000000| PB 0x000000008d000000| Untracked 
|  61|0x000000008d100000, 0x000000008d100000, 0x000000008d200000|  0%| F|  |TAMS 0x000000008d100000| PB 0x000000008d100000| Untracked 
|  62|0x000000008d200000, 0x000000008d200000, 0x000000008d300000|  0%| F|  |TAMS 0x000000008d200000| PB 0x000000008d200000| Untracked 
|  63|0x000000008d300000, 0x000000008d300000, 0x000000008d400000|  0%| F|  |TAMS 0x000000008d300000| PB 0x000000008d300000| Untracked 
|  64|0x000000008d400000, 0x000000008d400000, 0x000000008d500000|  0%| F|  |TAMS 0x000000008d400000| PB 0x000000008d400000| Untracked 
|  65|0x000000008d500000, 0x000000008d500000, 0x000000008d600000|  0%| F|  |TAMS 0x000000008d500000| PB 0x000000008d500000| Untracked 
|  66|0x000000008d600000, 0x000000008d600000, 0x000000008d700000|  0%| F|  |TAMS 0x000000008d600000| PB 0x000000008d600000| Untracked 
|  67|0x000000008d700000, 0x000000008d800000, 0x000000008d800000|100%| S|CS|TAMS 0x000000008d700000| PB 0x000000008d700000| Complete 
|  68|0x000000008d800000, 0x000000008d900000, 0x000000008d900000|100%| S|CS|TAMS 0x000000008d800000| PB 0x000000008d800000| Complete 
|  69|0x000000008d900000, 0x000000008d900000, 0x000000008da00000|  0%| F|  |TAMS 0x000000008d900000| PB 0x000000008d900000| Untracked 
|  70|0x000000008da00000, 0x000000008da00000, 0x000000008db00000|  0%| F|  |TAMS 0x000000008da00000| PB 0x000000008da00000| Untracked 
|  71|0x000000008db00000, 0x000000008db00000, 0x000000008dc00000|  0%| F|  |TAMS 0x000000008db00000| PB 0x000000008db00000| Untracked 
|  72|0x000000008dc00000, 0x000000008dc00000, 0x000000008dd00000|  0%| F|  |TAMS 0x000000008dc00000| PB 0x000000008dc00000| Untracked 
|  73|0x000000008dd00000, 0x000000008de00000, 0x000000008de00000|100%| S|CS|TAMS 0x000000008dd00000| PB 0x000000008dd00000| Complete 
|  74|0x000000008de00000, 0x000000008de00000, 0x000000008df00000|  0%| F|  |TAMS 0x000000008de00000| PB 0x000000008de00000| Untracked 
|  75|0x000000008df00000, 0x000000008df00000, 0x000000008e000000|  0%| F|  |TAMS 0x000000008df00000| PB 0x000000008df00000| Untracked 
|  76|0x000000008e000000, 0x000000008e000000, 0x000000008e100000|  0%| F|  |TAMS 0x000000008e000000| PB 0x000000008e000000| Untracked 
|  77|0x000000008e100000, 0x000000008e100000, 0x000000008e200000|  0%| F|  |TAMS 0x000000008e100000| PB 0x000000008e100000| Untracked 
|  78|0x000000008e200000, 0x000000008e200000, 0x000000008e300000|  0%| F|  |TAMS 0x000000008e200000| PB 0x000000008e200000| Untracked 
|  79|0x000000008e300000, 0x000000008e300000, 0x000000008e400000|  0%| F|  |TAMS 0x000000008e300000| PB 0x000000008e300000| Untracked 
|  80|0x000000008e400000, 0x000000008e400000, 0x000000008e500000|  0%| F|  |TAMS 0x000000008e400000| PB 0x000000008e400000| Untracked 
|  81|0x000000008e500000, 0x000000008e500000, 0x000000008e600000|  0%| F|  |TAMS 0x000000008e500000| PB 0x000000008e500000| Untracked 
|  82|0x000000008e600000, 0x000000008e600000, 0x000000008e700000|  0%| F|  |TAMS 0x000000008e600000| PB 0x000000008e600000| Untracked 
|  83|0x000000008e700000, 0x000000008e700000, 0x000000008e800000|  0%| F|  |TAMS 0x000000008e700000| PB 0x000000008e700000| Untracked 
|  84|0x000000008e800000, 0x000000008e800000, 0x000000008e900000|  0%| F|  |TAMS 0x000000008e800000| PB 0x000000008e800000| Untracked 
|  85|0x000000008e900000, 0x000000008e900000, 0x000000008ea00000|  0%| F|  |TAMS 0x000000008e900000| PB 0x000000008e900000| Untracked 
|  86|0x000000008ea00000, 0x000000008ea00000, 0x000000008eb00000|  0%| F|  |TAMS 0x000000008ea00000| PB 0x000000008ea00000| Untracked 
|  87|0x000000008eb00000, 0x000000008eb00000, 0x000000008ec00000|  0%| F|  |TAMS 0x000000008eb00000| PB 0x000000008eb00000| Untracked 
|  88|0x000000008ec00000, 0x000000008ec00000, 0x000000008ed00000|  0%| F|  |TAMS 0x000000008ec00000| PB 0x000000008ec00000| Untracked 
|  89|0x000000008ed00000, 0x000000008ed00000, 0x000000008ee00000|  0%| F|  |TAMS 0x000000008ed00000| PB 0x000000008ed00000| Untracked 
|  90|0x000000008ee00000, 0x000000008ee00000, 0x000000008ef00000|  0%| F|  |TAMS 0x000000008ee00000| PB 0x000000008ee00000| Untracked 
|  91|0x000000008ef00000, 0x000000008ef00000, 0x000000008f000000|  0%| F|  |TAMS 0x000000008ef00000| PB 0x000000008ef00000| Untracked 
|  92|0x000000008f000000, 0x000000008f000000, 0x000000008f100000|  0%| F|  |TAMS 0x000000008f000000| PB 0x000000008f000000| Untracked 
|  93|0x000000008f100000, 0x000000008f100000, 0x000000008f200000|  0%| F|  |TAMS 0x000000008f100000| PB 0x000000008f100000| Untracked 
|  94|0x000000008f200000, 0x000000008f200000, 0x000000008f300000|  0%| F|  |TAMS 0x000000008f200000| PB 0x000000008f200000| Untracked 
|  95|0x000000008f300000, 0x000000008f300000, 0x000000008f400000|  0%| F|  |TAMS 0x000000008f300000| PB 0x000000008f300000| Untracked 
|  96|0x000000008f400000, 0x000000008f400000, 0x000000008f500000|  0%| F|  |TAMS 0x000000008f400000| PB 0x000000008f400000| Untracked 
|  97|0x000000008f500000, 0x000000008f500000, 0x000000008f600000|  0%| F|  |TAMS 0x000000008f500000| PB 0x000000008f500000| Untracked 
|  98|0x000000008f600000, 0x000000008f600000, 0x000000008f700000|  0%| F|  |TAMS 0x000000008f600000| PB 0x000000008f600000| Untracked 
|  99|0x000000008f700000, 0x000000008f700000, 0x000000008f800000|  0%| F|  |TAMS 0x000000008f700000| PB 0x000000008f700000| Untracked 
| 100|0x000000008f800000, 0x000000008f800000, 0x000000008f900000|  0%| F|  |TAMS 0x000000008f800000| PB 0x000000008f800000| Untracked 
| 101|0x000000008f900000, 0x000000008f900000, 0x000000008fa00000|  0%| F|  |TAMS 0x000000008f900000| PB 0x000000008f900000| Untracked 
| 102|0x000000008fa00000, 0x000000008fa00000, 0x000000008fb00000|  0%| F|  |TAMS 0x000000008fa00000| PB 0x000000008fa00000| Untracked 
| 103|0x000000008fb00000, 0x000000008fb00000, 0x000000008fc00000|  0%| F|  |TAMS 0x000000008fb00000| PB 0x000000008fb00000| Untracked 
| 104|0x000000008fc00000, 0x000000008fc00000, 0x000000008fd00000|  0%| F|  |TAMS 0x000000008fc00000| PB 0x000000008fc00000| Untracked 
| 105|0x000000008fd00000, 0x000000008fd00000, 0x000000008fe00000|  0%| F|  |TAMS 0x000000008fd00000| PB 0x000000008fd00000| Untracked 
| 106|0x000000008fe00000, 0x000000008fe00000, 0x000000008ff00000|  0%| F|  |TAMS 0x000000008fe00000| PB 0x000000008fe00000| Untracked 
| 107|0x000000008ff00000, 0x000000008ff00000, 0x0000000090000000|  0%| F|  |TAMS 0x000000008ff00000| PB 0x000000008ff00000| Untracked 
| 108|0x0000000090000000, 0x0000000090000000, 0x0000000090100000|  0%| F|  |TAMS 0x0000000090000000| PB 0x0000000090000000| Untracked 
| 109|0x0000000090100000, 0x0000000090100000, 0x0000000090200000|  0%| F|  |TAMS 0x0000000090100000| PB 0x0000000090100000| Untracked 
| 110|0x0000000090200000, 0x0000000090200000, 0x0000000090300000|  0%| F|  |TAMS 0x0000000090200000| PB 0x0000000090200000| Untracked 
| 111|0x0000000090300000, 0x0000000090300000, 0x0000000090400000|  0%| F|  |TAMS 0x0000000090300000| PB 0x0000000090300000| Untracked 
| 112|0x0000000090400000, 0x0000000090400000, 0x0000000090500000|  0%| F|  |TAMS 0x0000000090400000| PB 0x0000000090400000| Untracked 
| 113|0x0000000090500000, 0x0000000090500000, 0x0000000090600000|  0%| F|  |TAMS 0x0000000090500000| PB 0x0000000090500000| Untracked 
| 114|0x0000000090600000, 0x0000000090600000, 0x0000000090700000|  0%| F|  |TAMS 0x0000000090600000| PB 0x0000000090600000| Untracked 
| 115|0x0000000090700000, 0x0000000090700000, 0x0000000090800000|  0%| F|  |TAMS 0x0000000090700000| PB 0x0000000090700000| Untracked 
| 116|0x0000000090800000, 0x0000000090800000, 0x0000000090900000|  0%| F|  |TAMS 0x0000000090800000| PB 0x0000000090800000| Untracked 
| 117|0x0000000090900000, 0x0000000090900000, 0x0000000090a00000|  0%| F|  |TAMS 0x0000000090900000| PB 0x0000000090900000| Untracked 
| 118|0x0000000090a00000, 0x0000000090a00000, 0x0000000090b00000|  0%| F|  |TAMS 0x0000000090a00000| PB 0x0000000090a00000| Untracked 
| 119|0x0000000090b00000, 0x0000000090b00000, 0x0000000090c00000|  0%| F|  |TAMS 0x0000000090b00000| PB 0x0000000090b00000| Untracked 
|1899|0x00000000fff00000, 0x0000000100000000, 0x0000000100000000|100%| O|  |TAMS 0x00000000fff00000| PB 0x00000000fff00000| Untracked 

Card table byte_map: [0x0000025f2c1b0000,0x0000025f2c570000] _byte_map_base: 0x0000025f2bd66000

Marking Bits: (CMBitMap*) 0x0000025f148df3a0
 Bits: [0x0000025f2c570000, 0x0000025f2e320000)

Polling page: 0x0000025f12830000

Metaspace:

Usage:
  Non-class:     36.89 MB used.
      Class:      4.91 MB used.
       Both:     41.81 MB used.

Virtual space:
  Non-class space:       64.00 MB reserved,      37.06 MB ( 58%) committed,  1 nodes.
      Class space:        1.00 GB reserved,       5.06 MB ( <1%) committed,  1 nodes.
             Both:        1.06 GB reserved,      42.12 MB (  4%) committed. 

Chunk freelists:
   Non-Class:  9.66 MB
       Class:  10.95 MB
        Both:  20.61 MB

MaxMetaspaceSize: unlimited
CompressedClassSpaceSize: 1.00 GB
Initial GC threshold: 21.00 MB
Current GC threshold: 68.12 MB
CDS: on
 - commit_granule_bytes: 65536.
 - commit_granule_words: 8192.
 - virtual_space_node_default_size: 8388608.
 - enlarge_chunks_in_place: 1.
 - use_allocation_guard: 0.


Internal statistics:

num_allocs_failed_limit: 9.
num_arena_births: 280.
num_arena_deaths: 0.
num_vsnodes_births: 2.
num_vsnodes_deaths: 0.
num_space_committed: 672.
num_space_uncommitted: 0.
num_chunks_returned_to_freelist: 9.
num_chunks_taken_from_freelist: 1774.
num_chunk_merges: 9.
num_chunk_splits: 1418.
num_chunks_enlarged: 1266.
num_inconsistent_stats: 0.

CodeHeap 'non-profiled nmethods': size=120000Kb used=2715Kb max_used=2715Kb free=117284Kb
 bounds [0x0000025f247b0000, 0x0000025f24a60000, 0x0000025f2bce0000]
CodeHeap 'profiled nmethods': size=120000Kb used=12179Kb max_used=12179Kb free=107820Kb
 bounds [0x0000025f1cce0000, 0x0000025f1d8d0000, 0x0000025f24210000]
CodeHeap 'non-nmethods': size=5760Kb used=1623Kb max_used=1665Kb free=4137Kb
 bounds [0x0000025f24210000, 0x0000025f24480000, 0x0000025f247b0000]
 total_blobs=5561 nmethods=4898 adapters=567
 compilation: enabled
              stopped_count=0, restarted_count=0
 full_count=0

Compilation events (20 events):
Event: 19.244 Thread 0x0000025f30b1ded0 5475       3       org.jetbrains.kotlin.fir.resolve.providers.FirCachedSymbolNamesProvider::getTopLevelCallablePackageNames (15 bytes)
Event: 19.245 Thread 0x0000025f30b1ded0 nmethod 5475 0x0000025f1d8be590 code [0x0000025f1d8be740, 0x0000025f1d8bea20]
Event: 19.245 Thread 0x0000025f30b1ded0 5476       3       org.jetbrains.kotlin.fir.resolve.calls.ImplicitReceiverValue::getReceiverExpression (5 bytes)
Event: 19.245 Thread 0x0000025f30b1ded0 nmethod 5476 0x0000025f1d8beb10 code [0x0000025f1d8becc0, 0x0000025f1d8bee00]
Event: 19.245 Thread 0x0000025f30b1ded0 5477       3       org.jetbrains.kotlin.fir.resolve.calls.ImplicitReceiverValue::computeReceiverExpression (184 bytes)
Event: 19.246 Thread 0x0000025f30b1ded0 nmethod 5477 0x0000025f1d8bee90 code [0x0000025f1d8bf240, 0x0000025f1d8c0760]
Event: 19.246 Thread 0x0000025f30b1ded0 5478       3       org.jetbrains.kotlin.fir.scopes.impl.FirAbstractSimpleImportingScope::isExcluded (14 bytes)
Event: 19.246 Thread 0x0000025f30b1ded0 nmethod 5478 0x0000025f1d8c0f10 code [0x0000025f1d8c11a0, 0x0000025f1d8c1bc0]
Event: 19.253 Thread 0x0000025f30b1ded0 5480       3       org.jetbrains.kotlin.kotlinx.collections.immutable.implementations.immutableMap.TrieNode$Companion::getEMPTY$kotlinx_collections_immutable (4 bytes)
Event: 19.253 Thread 0x0000025f30b1ded0 nmethod 5480 0x0000025f1d8c1f90 code [0x0000025f1d8c2140, 0x0000025f1d8c22b0]
Event: 19.253 Thread 0x0000025f30b1ded0 5481       3       org.jetbrains.kotlin.kotlinx.collections.immutable.implementations.immutableMap.TrieNode::access$getEMPTY$cp (4 bytes)
Event: 19.253 Thread 0x0000025f30b1ded0 nmethod 5481 0x0000025f1d8c2390 code [0x0000025f1d8c2520, 0x0000025f1d8c2618]
Event: 19.253 Thread 0x0000025f30b1ded0 5479       3       org.jetbrains.kotlin.utils.CollectionsKt::addIfNotNull (19 bytes)
Event: 19.253 Thread 0x0000025f30b1ded0 nmethod 5479 0x0000025f1d8c2690 code [0x0000025f1d8c28c0, 0x0000025f1d8c2f78]
Event: 19.254 Thread 0x0000025f30b1ded0 5482       3       org.jetbrains.kotlin.fir.declarations.FirTowerDataContext::<init> (26 bytes)
Event: 19.254 Thread 0x0000025f30b1ded0 nmethod 5482 0x0000025f1d8c3210 code [0x0000025f1d8c33c0, 0x0000025f1d8c3698]
Event: 19.256 Thread 0x0000025f30b1ded0 5483       3       org.jetbrains.kotlin.kotlinx.collections.immutable.implementations.immutableMap.TrieNodeBaseIterator::<init> (18 bytes)
Event: 19.256 Thread 0x0000025f30b1ded0 nmethod 5483 0x0000025f1d8c3790 code [0x0000025f1d8c3940, 0x0000025f1d8c3bf0]
Event: 19.257 Thread 0x0000025f30b1ded0 5484       3       java.util.PriorityQueue::siftDownComparable (100 bytes)
Event: 19.257 Thread 0x0000025f30b1ded0 nmethod 5484 0x0000025f1d8c3d10 code [0x0000025f1d8c3f20, 0x0000025f1d8c4978]

GC Heap History (20 events):
Event: 2.840 GC heap after
{Heap after GC invocations=1 (full 0):
 garbage-first heap   total 122880K, used 6080K [0x0000000089400000, 0x0000000100000000)
  region size 1024K, 3 young (3072K), 3 survivors (3072K)
 Metaspace       used 6489K, committed 6656K, reserved 1114112K
  class space    used 668K, committed 768K, reserved 1048576K
}
Event: 4.113 GC heap before
{Heap before GC invocations=1 (full 0):
 garbage-first heap   total 122880K, used 35776K [0x0000000089400000, 0x0000000100000000)
  region size 1024K, 33 young (33792K), 3 survivors (3072K)
 Metaspace       used 14061K, committed 14272K, reserved 1114112K
  class space    used 1557K, committed 1664K, reserved 1048576K
}
Event: 4.123 GC heap after
{Heap after GC invocations=2 (full 0):
 garbage-first heap   total 122880K, used 10697K [0x0000000089400000, 0x0000000100000000)
  region size 1024K, 5 young (5120K), 5 survivors (5120K)
 Metaspace       used 14061K, committed 14272K, reserved 1114112K
  class space    used 1557K, committed 1664K, reserved 1048576K
}
Event: 8.508 GC heap before
{Heap before GC invocations=2 (full 0):
 garbage-first heap   total 122880K, used 59849K [0x0000000089400000, 0x0000000100000000)
  region size 1024K, 54 young (55296K), 5 survivors (5120K)
 Metaspace       used 21265K, committed 21504K, reserved 1114112K
  class space    used 2853K, committed 2944K, reserved 1048576K
}
Event: 8.531 GC heap after
{Heap after GC invocations=3 (full 0):
 garbage-first heap   total 122880K, used 22528K [0x0000000089400000, 0x0000000100000000)
  region size 1024K, 9 young (9216K), 9 survivors (9216K)
 Metaspace       used 21265K, committed 21504K, reserved 1114112K
  class space    used 2853K, committed 2944K, reserved 1048576K
}
Event: 13.623 GC heap before
{Heap before GC invocations=4 (full 0):
 garbage-first heap   total 86016K, used 73728K [0x0000000089400000, 0x0000000100000000)
  region size 1024K, 60 young (61440K), 9 survivors (9216K)
 Metaspace       used 31942K, committed 32320K, reserved 1114112K
  class space    used 3917K, committed 4096K, reserved 1048576K
}
Event: 13.644 GC heap after
{Heap after GC invocations=5 (full 0):
 garbage-first heap   total 91136K, used 29184K [0x0000000089400000, 0x0000000100000000)
  region size 1024K, 6 young (6144K), 6 survivors (6144K)
 Metaspace       used 31942K, committed 32320K, reserved 1114112K
  class space    used 3917K, committed 4096K, reserved 1048576K
}
Event: 13.652 GC heap before
{Heap before GC invocations=5 (full 0):
 garbage-first heap   total 91136K, used 30208K [0x0000000089400000, 0x0000000100000000)
  region size 1024K, 7 young (7168K), 6 survivors (6144K)
 Metaspace       used 32028K, committed 32384K, reserved 1114112K
  class space    used 3921K, committed 4096K, reserved 1048576K
}
Event: 13.664 GC heap after
{Heap after GC invocations=6 (full 0):
 garbage-first heap   total 91136K, used 29696K [0x0000000089400000, 0x0000000100000000)
  region size 1024K, 1 young (1024K), 1 survivors (1024K)
 Metaspace       used 32028K, committed 32384K, reserved 1114112K
  class space    used 3921K, committed 4096K, reserved 1048576K
}
Event: 15.790 GC heap before
{Heap before GC invocations=6 (full 0):
 garbage-first heap   total 91136K, used 58368K [0x0000000089400000, 0x0000000100000000)
  region size 1024K, 31 young (31744K), 1 survivors (1024K)
 Metaspace       used 36551K, committed 36800K, reserved 1114112K
  class space    used 4366K, committed 4480K, reserved 1048576K
}
Event: 15.799 GC heap after
{Heap after GC invocations=7 (full 0):
 garbage-first heap   total 91136K, used 34304K [0x0000000089400000, 0x0000000100000000)
  region size 1024K, 5 young (5120K), 5 survivors (5120K)
 Metaspace       used 36551K, committed 36800K, reserved 1114112K
  class space    used 4366K, committed 4480K, reserved 1048576K
}
Event: 16.592 GC heap before
{Heap before GC invocations=8 (full 0):
 garbage-first heap   total 91136K, used 72192K [0x0000000089400000, 0x0000000100000000)
  region size 1024K, 41 young (41984K), 5 survivors (5120K)
 Metaspace       used 37604K, committed 37888K, reserved 1114112K
  class space    used 4456K, committed 4608K, reserved 1048576K
}
Event: 16.609 GC heap after
{Heap after GC invocations=9 (full 0):
 garbage-first heap   total 91136K, used 46080K [0x0000000089400000, 0x0000000100000000)
  region size 1024K, 6 young (6144K), 6 survivors (6144K)
 Metaspace       used 37604K, committed 37888K, reserved 1114112K
  class space    used 4456K, committed 4608K, reserved 1048576K
}
Event: 17.491 GC heap before
{Heap before GC invocations=9 (full 0):
 garbage-first heap   total 91136K, used 73728K [0x0000000089400000, 0x0000000100000000)
  region size 1024K, 33 young (33792K), 6 survivors (6144K)
 Metaspace       used 39465K, committed 39744K, reserved 1114112K
  class space    used 4659K, committed 4800K, reserved 1048576K
}
Event: 17.504 GC heap after
{Heap after GC invocations=10 (full 0):
 garbage-first heap   total 91136K, used 51200K [0x0000000089400000, 0x0000000100000000)
  region size 1024K, 5 young (5120K), 5 survivors (5120K)
 Metaspace       used 39465K, committed 39744K, reserved 1114112K
  class space    used 4659K, committed 4800K, reserved 1048576K
}
Event: 18.289 GC heap before
{Heap before GC invocations=10 (full 0):
 garbage-first heap   total 91136K, used 75776K [0x0000000089400000, 0x0000000100000000)
  region size 1024K, 29 young (29696K), 5 survivors (5120K)
 Metaspace       used 41540K, committed 41856K, reserved 1114112K
  class space    used 4916K, committed 5056K, reserved 1048576K
}
Event: 18.303 GC heap after
{Heap after GC invocations=11 (full 0):
 garbage-first heap   total 91136K, used 56320K [0x0000000089400000, 0x0000000100000000)
  region size 1024K, 4 young (4096K), 4 survivors (4096K)
 Metaspace       used 41540K, committed 41856K, reserved 1114112K
  class space    used 4916K, committed 5056K, reserved 1048576K
}
Event: 18.771 GC heap before
{Heap before GC invocations=12 (full 0):
 garbage-first heap   total 97280K, used 75776K [0x0000000089400000, 0x0000000100000000)
  region size 1024K, 25 young (25600K), 4 survivors (4096K)
 Metaspace       used 41845K, committed 42176K, reserved 1114112K
  class space    used 4947K, committed 5120K, reserved 1048576K
}
Event: 18.785 GC heap after
{Heap after GC invocations=13 (full 0):
 garbage-first heap   total 97280K, used 61952K [0x0000000089400000, 0x0000000100000000)
  region size 1024K, 4 young (4096K), 4 survivors (4096K)
 Metaspace       used 41845K, committed 42176K, reserved 1114112K
  class space    used 4947K, committed 5120K, reserved 1048576K
}
Event: 19.257 GC heap before
{Heap before GC invocations=13 (full 0):
 garbage-first heap   total 97280K, used 82432K [0x0000000089400000, 0x0000000100000000)
  region size 1024K, 24 young (24576K), 4 survivors (4096K)
 Metaspace       used 42809K, committed 43136K, reserved 1114112K
  class space    used 5030K, committed 5184K, reserved 1048576K
}

Dll operation events (7 events):
Event: 0.015 Loaded shared library C:\Program Files\Java\jdk-21\bin\java.dll
Event: 0.178 Loaded shared library C:\Program Files\Java\jdk-21\bin\jsvml.dll
Event: 0.404 Loaded shared library C:\Program Files\Java\jdk-21\bin\net.dll
Event: 0.416 Loaded shared library C:\Program Files\Java\jdk-21\bin\nio.dll
Event: 0.626 Loaded shared library C:\Program Files\Java\jdk-21\bin\zip.dll
Event: 0.746 Loaded shared library C:\Program Files\Java\jdk-21\bin\jimage.dll
Event: 3.735 Loaded shared library C:\Program Files\Java\jdk-21\bin\verify.dll

Deoptimization events (20 events):
Event: 18.483 Thread 0x0000025f1488f930 DEOPT PACKING pc=0x0000025f1d5e5535 sp=0x00000073244fa530
Event: 18.483 Thread 0x0000025f1488f930 DEOPT UNPACKING pc=0x0000025f24264e42 sp=0x00000073244f99c0 mode 0
Event: 18.577 Thread 0x0000025f1488f930 DEOPT PACKING pc=0x0000025f1d5e5535 sp=0x00000073244fac60
Event: 18.577 Thread 0x0000025f1488f930 DEOPT UNPACKING pc=0x0000025f24264e42 sp=0x00000073244fa0f0 mode 0
Event: 18.631 Thread 0x0000025f1488f930 DEOPT PACKING pc=0x0000025f1d5e5535 sp=0x00000073244fabe0
Event: 18.631 Thread 0x0000025f1488f930 DEOPT UNPACKING pc=0x0000025f24264e42 sp=0x00000073244fa070 mode 0
Event: 18.962 Thread 0x0000025f1488f930 Uncommon trap: trap_request=0xffffff45 fr.pc=0x0000025f24953bc0 relative=0x00000000000015c0
Event: 18.962 Thread 0x0000025f1488f930 Uncommon trap: reason=unstable_if action=reinterpret pc=0x0000025f24953bc0 method=java.util.HashMap.putVal(ILjava/lang/Object;Ljava/lang/Object;ZZ)Ljava/lang/Object; @ 193 c2
Event: 18.962 Thread 0x0000025f1488f930 DEOPT PACKING pc=0x0000025f24953bc0 sp=0x00000073244faeb0
Event: 18.962 Thread 0x0000025f1488f930 DEOPT UNPACKING pc=0x0000025f242646a2 sp=0x00000073244fad68 mode 2
Event: 18.973 Thread 0x0000025f1488f930 DEOPT PACKING pc=0x0000025f1cf4517e sp=0x00000073244fa3d0
Event: 18.973 Thread 0x0000025f1488f930 DEOPT UNPACKING pc=0x0000025f24264e42 sp=0x00000073244f9950 mode 0
Event: 19.135 Thread 0x0000025f1488f930 Uncommon trap: trap_request=0xffffffdc fr.pc=0x0000025f24a49c44 relative=0x0000000000000284
Event: 19.135 Thread 0x0000025f1488f930 Uncommon trap: reason=class_check action=make_not_entrant pc=0x0000025f24a49c44 method=java.util.ArrayList.toArray([Ljava/lang/Object;)[Ljava/lang/Object; @ 21 c2
Event: 19.135 Thread 0x0000025f1488f930 DEOPT PACKING pc=0x0000025f24a49c44 sp=0x00000073244fa5f0
Event: 19.135 Thread 0x0000025f1488f930 DEOPT UNPACKING pc=0x0000025f242646a2 sp=0x00000073244fa5a0 mode 2
Event: 19.147 Thread 0x0000025f1488f930 Uncommon trap: trap_request=0xffffffcc fr.pc=0x0000025f24a4e5a8 relative=0x0000000000000268
Event: 19.147 Thread 0x0000025f1488f930 Uncommon trap: reason=intrinsic_or_type_checked_inlining action=make_not_entrant pc=0x0000025f24a4e5a8 method=java.util.ArrayList.toArray([Ljava/lang/Object;)[Ljava/lang/Object; @ 36 c2
Event: 19.147 Thread 0x0000025f1488f930 DEOPT PACKING pc=0x0000025f24a4e5a8 sp=0x00000073244fb3c0
Event: 19.147 Thread 0x0000025f1488f930 DEOPT UNPACKING pc=0x0000025f242646a2 sp=0x00000073244fb390 mode 2

Classes loaded (20 events):
Event: 13.645 Loading class java/util/WeakHashMap$HashIterator done
Event: 13.645 Loading class java/util/WeakHashMap$KeyIterator done
Event: 14.362 Loading class java/security/AccessControlException
Event: 14.362 Loading class java/security/AccessControlException done
Event: 14.429 Loading class java/lang/annotation/ElementType
Event: 14.430 Loading class java/lang/annotation/ElementType done
Event: 14.430 Loading class java/lang/Deprecated
Event: 14.430 Loading class java/lang/Deprecated done
Event: 14.430 Loading class java/lang/Override
Event: 14.431 Loading class java/lang/Override done
Event: 15.480 Loading class java/text/StringCharacterIterator
Event: 15.480 Loading class java/text/CharacterIterator
Event: 15.483 Loading class java/text/CharacterIterator done
Event: 15.483 Loading class java/text/StringCharacterIterator done
Event: 16.020 Loading class java/util/ArrayList$SubList$1
Event: 16.021 Loading class java/util/ArrayList$SubList$1 done
Event: 16.228 Loading class java/util/AbstractList$ListItr
Event: 16.230 Loading class java/util/AbstractList$ListItr done
Event: 17.993 Loading class java/util/AbstractList$SubList$1
Event: 17.993 Loading class java/util/AbstractList$SubList$1 done

Classes unloaded (0 events):
No events

Classes redefined (0 events):
No events

Internal exceptions (20 events):
Event: 15.266 Thread 0x0000025f1488f930 Implicit null exception at 0x0000025f2489bb89 to 0x0000025f2489c384
Event: 15.266 Thread 0x0000025f1488f930 Implicit null exception at 0x0000025f248684c6 to 0x0000025f2486878c
Event: 15.274 Thread 0x0000025f1488f930 Implicit null exception at 0x0000025f2480983d to 0x0000025f248098c1
Event: 17.110 Thread 0x0000025f1488f930 Exception <a 'java/lang/NoSuchMethodError'{0x000000008df9c888}: 'java.lang.Object java.lang.invoke.DirectMethodHandle$Holder.invokeStaticInit(java.lang.Object, java.lang.Object, java.lang.Object, java.lang.Object)'> (0x000000008df9c888) 
thrown [s\open\src\hotspot\share\interpreter\linkResolver.cpp, line 773]
Event: 17.353 Thread 0x0000025f1488f930 Exception <a 'java/lang/NoSuchMethodError'{0x000000008dcf1250}: 'java.lang.Object java.lang.invoke.DirectMethodHandle$Holder.newInvokeSpecial(java.lang.Object, java.lang.Object, java.lang.Object, java.lang.Object, int, java.lang.Object, java.lang.Object)'> (0x000000008dcf1250) 
thrown [s\open\src\hotspot\share\interpreter\linkResolver.cpp, line 773]
Event: 17.431 Thread 0x0000025f1488f930 Exception <a 'java/lang/NoSuchMethodError'{0x000000008d9cb9f8}: 'java.lang.Object java.lang.invoke.DirectMethodHandle$Holder.newInvokeSpecial(java.lang.Object, java.lang.Object, java.lang.Object, java.lang.Object, java.lang.Object, java.lang.Object)'> (0x000000008d9cb9f8) 
thrown [s\open\src\hotspot\share\interpreter\linkResolver.cpp, line 773]
Event: 17.658 Thread 0x0000025f1488f930 Exception <a 'java/lang/NoSuchMethodError'{0x000000008e7651f0}: 'java.lang.Object java.lang.invoke.DirectMethodHandle$Holder.newInvokeSpecial(java.lang.Object, java.lang.Object, java.lang.Object, java.lang.Object, int)'> (0x000000008e7651f0) 
thrown [s\open\src\hotspot\share\interpreter\linkResolver.cpp, line 773]
Event: 17.659 Thread 0x0000025f1488f930 Exception <a 'java/lang/NoSuchMethodError'{0x000000008e769548}: 'java.lang.Object java.lang.invoke.DirectMethodHandle$Holder.invokeSpecial(java.lang.Object, java.lang.Object, java.lang.Object, java.lang.Object, java.lang.Object, int)'> (0x000000008e769548) 
thrown [s\open\src\hotspot\share\interpreter\linkResolver.cpp, line 773]
Event: 17.659 Thread 0x0000025f1488f930 Exception <a 'java/lang/NoSuchMethodError'{0x000000008e76d268}: 'java.lang.Object java.lang.invoke.Invokers$Holder.linkToTargetMethod(java.lang.Object, java.lang.Object, java.lang.Object, int, java.lang.Object)'> (0x000000008e76d268) 
thrown [s\open\src\hotspot\share\interpreter\linkResolver.cpp, line 773]
Event: 17.784 Thread 0x0000025f1488f930 Exception <a 'java/lang/NoSuchMethodError'{0x000000008e422ea8}: 'java.lang.Object java.lang.invoke.DirectMethodHandle$Holder.invokeSpecial(java.lang.Object, java.lang.Object, int, java.lang.Object, java.lang.Object)'> (0x000000008e422ea8) 
thrown [s\open\src\hotspot\share\interpreter\linkResolver.cpp, line 773]
Event: 17.800 Thread 0x0000025f1488f930 Exception <a 'java/lang/NoSuchMethodError'{0x000000008e4644b8}: 'java.lang.Object java.lang.invoke.DirectMethodHandle$Holder.newInvokeSpecial(java.lang.Object, java.lang.Object, java.lang.Object, int)'> (0x000000008e4644b8) 
thrown [s\open\src\hotspot\share\interpreter\linkResolver.cpp, line 773]
Event: 17.800 Thread 0x0000025f1488f930 Exception <a 'java/lang/NoSuchMethodError'{0x000000008e468298}: 'java.lang.Object java.lang.invoke.DirectMethodHandle$Holder.invokeSpecial(java.lang.Object, java.lang.Object, java.lang.Object, java.lang.Object, int)'> (0x000000008e468298) 
thrown [s\open\src\hotspot\share\interpreter\linkResolver.cpp, line 773]
Event: 17.800 Thread 0x0000025f1488f930 Exception <a 'java/lang/NoSuchMethodError'{0x000000008e46b9d0}: 'java.lang.Object java.lang.invoke.Invokers$Holder.linkToTargetMethod(java.lang.Object, java.lang.Object, int, java.lang.Object)'> (0x000000008e46b9d0) 
thrown [s\open\src\hotspot\share\interpreter\linkResolver.cpp, line 773]
Event: 17.807 Thread 0x0000025f1488f930 Exception <a 'java/lang/NoSuchMethodError'{0x000000008e490660}: 'java.lang.Object java.lang.invoke.DirectMethodHandle$Holder.newInvokeSpecial(java.lang.Object, int, java.lang.Object)'> (0x000000008e490660) 
thrown [s\open\src\hotspot\share\interpreter\linkResolver.cpp, line 773]
Event: 17.996 Thread 0x0000025f1488f930 Exception <a 'java/lang/NoSuchMethodError'{0x000000008e2f99f0}: 'java.lang.Object java.lang.invoke.DirectMethodHandle$Holder.invokeStatic(java.lang.Object, int, java.lang.Object, java.lang.Object, java.lang.Object, java.lang.Object, java.lang.Object)'> (0x000000008e2f99f0) 
thrown [s\open\src\hotspot\share\interpreter\linkResolver.cpp, line 773]
Event: 17.996 Thread 0x0000025f1488f930 Exception <a 'java/lang/NoSuchMethodError'{0x000000008e1032f8}: 'java.lang.Object java.lang.invoke.DirectMethodHandle$Holder.newInvokeSpecial(java.lang.Object, int, java.lang.Object, java.lang.Object, java.lang.Object)'> (0x000000008e1032f8) 
thrown [s\open\src\hotspot\share\interpreter\linkResolver.cpp, line 773]
Event: 17.997 Thread 0x0000025f1488f930 Exception <a 'java/lang/NoSuchMethodError'{0x000000008e10ad10}: 'java.lang.Object java.lang.invoke.Invokers$Holder.linkToTargetMethod(int, java.lang.Object, java.lang.Object, java.lang.Object, java.lang.Object)'> (0x000000008e10ad10) 
thrown [s\open\src\hotspot\share\interpreter\linkResolver.cpp, line 773]
Event: 19.169 Thread 0x0000025f1488f930 Exception <a 'java/lang/NoSuchMethodError'{0x000000008e101af0}: 'java.lang.Object java.lang.invoke.DirectMethodHandle$Holder.newInvokeSpecial(java.lang.Object, java.lang.Object, java.lang.Object, java.lang.Object, java.lang.Object, java.lang.Object, java.lang.Object, java.lang.Object, java.lang.Object)'> (0x000000008e101af0) 
thrown [s\open\src\hotspot\share\interpreter\linkResolver.cpp, line 773]
Event: 19.180 Thread 0x0000025f1488f930 Exception <a 'java/lang/NoSuchMethodError'{0x000000008e13b1a8}: 'java.lang.Object java.lang.invoke.DirectMethodHandle$Holder.invokeStatic(java.lang.Object, int, java.lang.Object, java.lang.Object)'> (0x000000008e13b1a8) 
thrown [s\open\src\hotspot\share\interpreter\linkResolver.cpp, line 773]
Event: 19.220 Thread 0x0000025f1488f930 Exception <a 'java/lang/NoSuchMethodError'{0x000000008de132c8}: 'java.lang.Object java.lang.invoke.DirectMethodHandle$Holder.invokeStatic(java.lang.Object, java.lang.Object, java.lang.Object, int, java.lang.Object, java.lang.Object)'> (0x000000008de132c8) 
thrown [s\open\src\hotspot\share\interpreter\linkResolver.cpp, line 773]

ZGC Phase Switch (0 events):
No events

VM Operations (20 events):
Event: 15.858 Executing VM operation: G1PauseCleanup done
Event: 16.429 Executing VM operation: ICBufferFull
Event: 16.429 Executing VM operation: ICBufferFull done
Event: 16.592 Executing VM operation: G1CollectForAllocation (G1 Evacuation Pause)
Event: 16.612 Executing VM operation: G1CollectForAllocation (G1 Evacuation Pause) done
Event: 17.321 Executing VM operation: ICBufferFull
Event: 17.321 Executing VM operation: ICBufferFull done
Event: 17.491 Executing VM operation: G1CollectForAllocation (G1 Evacuation Pause)
Event: 17.504 Executing VM operation: G1CollectForAllocation (G1 Evacuation Pause) done
Event: 18.289 Executing VM operation: G1CollectForAllocation (G1 Evacuation Pause)
Event: 18.307 Executing VM operation: G1CollectForAllocation (G1 Evacuation Pause) done
Event: 18.335 Executing VM operation: G1PauseRemark
Event: 18.344 Executing VM operation: G1PauseRemark done
Event: 18.363 Executing VM operation: G1PauseCleanup
Event: 18.363 Executing VM operation: G1PauseCleanup done
Event: 18.771 Executing VM operation: G1CollectForAllocation (G1 Evacuation Pause)
Event: 18.785 Executing VM operation: G1CollectForAllocation (G1 Evacuation Pause) done
Event: 19.236 Executing VM operation: ICBufferFull
Event: 19.236 Executing VM operation: ICBufferFull done
Event: 19.257 Executing VM operation: G1CollectForAllocation (G1 Evacuation Pause)

Events (20 events):
Event: 18.343 Thread 0x0000025f30af56a0 flushing nmethod 0x0000025f24856e90
Event: 18.343 Thread 0x0000025f30af56a0 flushing nmethod 0x0000025f24842a10
Event: 18.343 Thread 0x0000025f30af56a0 flushing nmethod 0x0000025f24842210
Event: 18.343 Thread 0x0000025f30af56a0 flushing nmethod 0x0000025f2481e790
Event: 18.343 Thread 0x0000025f30af56a0 flushing nmethod 0x0000025f2480be90
Event: 18.343 Thread 0x0000025f30af56a0 flushing nmethod 0x0000025f2480db10
Event: 18.343 Thread 0x0000025f30af56a0 flushing nmethod 0x0000025f24809a10
Event: 18.343 Thread 0x0000025f30af56a0 flushing nmethod 0x0000025f24809690
Event: 18.343 Thread 0x0000025f30af56a0 flushing nmethod 0x0000025f24808590
Event: 18.343 Thread 0x0000025f30af56a0 flushing nmethod 0x0000025f24802610
Event: 18.343 Thread 0x0000025f30af56a0 flushing nmethod 0x0000025f247ff790
Event: 18.343 Thread 0x0000025f30af56a0 flushing nmethod 0x0000025f247f4f90
Event: 18.343 Thread 0x0000025f30af56a0 flushing nmethod 0x0000025f247f1090
Event: 18.343 Thread 0x0000025f30af56a0 flushing nmethod 0x0000025f247ee490
Event: 18.343 Thread 0x0000025f30af56a0 flushing nmethod 0x0000025f247e1090
Event: 18.343 Thread 0x0000025f30af56a0 flushing nmethod 0x0000025f247e0390
Event: 18.343 Thread 0x0000025f30af56a0 flushing nmethod 0x0000025f247da790
Event: 18.343 Thread 0x0000025f30af56a0 flushing nmethod 0x0000025f247ca790
Event: 18.343 Thread 0x0000025f30af56a0 flushing nmethod 0x0000025f247c8f10
Event: 18.343 Thread 0x0000025f30af56a0 flushing nmethod 0x0000025f247ba590


Dynamic libraries:
0x00007ff7bbb10000 - 0x00007ff7bbb20000 	C:\Program Files\Java\jdk-21\bin\java.exe
0x00007ffa5d850000 - 0x00007ffa5da67000 	C:\WINDOWS\SYSTEM32\ntdll.dll
0x00007ffa5c5a0000 - 0x00007ffa5c664000 	C:\WINDOWS\System32\KERNEL32.DLL
0x00007ffa5abb0000 - 0x00007ffa5af83000 	C:\WINDOWS\System32\KERNELBASE.dll
0x00007ffa5b3d0000 - 0x00007ffa5b4e1000 	C:\WINDOWS\System32\ucrtbase.dll
0x00007ffa56040000 - 0x00007ffa5605b000 	C:\Program Files\Java\jdk-21\bin\VCRUNTIME140.dll
0x00007ffa56000000 - 0x00007ffa56019000 	C:\Program Files\Java\jdk-21\bin\jli.dll
0x00007ffa5bf10000 - 0x00007ffa5bfc1000 	C:\WINDOWS\System32\ADVAPI32.dll
0x00007ffa5d6e0000 - 0x00007ffa5d787000 	C:\WINDOWS\System32\msvcrt.dll
0x00007ffa5bcb0000 - 0x00007ffa5bd58000 	C:\WINDOWS\System32\sechost.dll
0x00007ffa5b240000 - 0x00007ffa5b268000 	C:\WINDOWS\System32\bcrypt.dll
0x00007ffa5b4f0000 - 0x00007ffa5b604000 	C:\WINDOWS\System32\RPCRT4.dll
0x00007ffa5d040000 - 0x00007ffa5d1f1000 	C:\WINDOWS\System32\USER32.dll
0x00007ffa5ab00000 - 0x00007ffa5ab26000 	C:\WINDOWS\System32\win32u.dll
0x00007ffa5d200000 - 0x00007ffa5d229000 	C:\WINDOWS\System32\GDI32.dll
0x00007ffa5a960000 - 0x00007ffa5aa7b000 	C:\WINDOWS\System32\gdi32full.dll
0x00007ffa4cb30000 - 0x00007ffa4cdc8000 	C:\WINDOWS\WinSxS\amd64_microsoft.windows.common-controls_6595b64144ccf1df_6.0.22621.5124_none_270e8f4f7386d69d\COMCTL32.dll
0x00007ffa5b270000 - 0x00007ffa5b30a000 	C:\WINDOWS\System32\msvcp_win.dll
0x00007ffa515c0000 - 0x00007ffa515ca000 	C:\WINDOWS\SYSTEM32\VERSION.dll
0x00007ffa5c4b0000 - 0x00007ffa5c4e1000 	C:\WINDOWS\System32\IMM32.DLL
0x00007ffa55fc0000 - 0x00007ffa55fcc000 	C:\Program Files\Java\jdk-21\bin\vcruntime140_1.dll
0x00007ffa2d5b0000 - 0x00007ffa2d63e000 	C:\Program Files\Java\jdk-21\bin\msvcp140.dll
0x00007ff9dff10000 - 0x00007ff9e0c23000 	C:\Program Files\Java\jdk-21\bin\server\jvm.dll
0x00007ffa5d460000 - 0x00007ffa5d4d1000 	C:\WINDOWS\System32\WS2_32.dll
0x00007ffa597c0000 - 0x00007ffa5980d000 	C:\WINDOWS\SYSTEM32\POWRPROF.dll
0x00007ffa553e0000 - 0x00007ffa55414000 	C:\WINDOWS\SYSTEM32\WINMM.dll
0x00007ffa597a0000 - 0x00007ffa597b3000 	C:\WINDOWS\SYSTEM32\UMPDC.dll
0x00007ffa59a80000 - 0x00007ffa59a98000 	C:\WINDOWS\SYSTEM32\kernel.appcore.dll
0x00007ffa55e20000 - 0x00007ffa55e2a000 	C:\Program Files\Java\jdk-21\bin\jimage.dll
0x00007ffa4f820000 - 0x00007ffa4fa52000 	C:\WINDOWS\SYSTEM32\DBGHELP.DLL
0x00007ffa5b800000 - 0x00007ffa5bb92000 	C:\WINDOWS\System32\combase.dll
0x00007ffa5be30000 - 0x00007ffa5bf07000 	C:\WINDOWS\System32\OLEAUT32.dll
0x00007ffa4b880000 - 0x00007ffa4b8b2000 	C:\WINDOWS\SYSTEM32\dbgcore.DLL
0x00007ffa5ab30000 - 0x00007ffa5abab000 	C:\WINDOWS\System32\bcryptPrimitives.dll
0x00007ffa4c970000 - 0x00007ffa4c98f000 	C:\Program Files\Java\jdk-21\bin\java.dll
0x00007ffa5c670000 - 0x00007ffa5cf06000 	C:\WINDOWS\System32\SHELL32.dll
0x00007ffa5b100000 - 0x00007ffa5b23f000 	C:\WINDOWS\System32\wintypes.dll
0x00007ffa58850000 - 0x00007ffa5916a000 	C:\WINDOWS\SYSTEM32\windows.storage.dll
0x00007ffa5bba0000 - 0x00007ffa5bcaa000 	C:\WINDOWS\System32\SHCORE.dll
0x00007ffa5d790000 - 0x00007ffa5d7f3000 	C:\WINDOWS\System32\shlwapi.dll
0x00007ffa5a890000 - 0x00007ffa5a8bb000 	C:\WINDOWS\SYSTEM32\profapi.dll
0x00007ffa2ca30000 - 0x00007ffa2cb07000 	C:\Program Files\Java\jdk-21\bin\jsvml.dll
0x00007ffa55e10000 - 0x00007ffa55e20000 	C:\Program Files\Java\jdk-21\bin\net.dll
0x00007ffa564a0000 - 0x00007ffa565cc000 	C:\WINDOWS\SYSTEM32\WINHTTP.dll
0x00007ffa59f00000 - 0x00007ffa59f6a000 	C:\WINDOWS\system32\mswsock.dll
0x00007ffa49d30000 - 0x00007ffa49d46000 	C:\Program Files\Java\jdk-21\bin\nio.dll
0x00007ffa40ce0000 - 0x00007ffa40cf8000 	C:\Program Files\Java\jdk-21\bin\zip.dll
0x00007ffa530f0000 - 0x00007ffa53100000 	C:\Program Files\Java\jdk-21\bin\verify.dll

dbghelp: loaded successfully - version: 4.0.5 - missing functions: none
symbol engine: initialized successfully - sym options: 0x614 - pdb path: .;C:\Program Files\Java\jdk-21\bin;C:\WINDOWS\SYSTEM32;C:\WINDOWS\WinSxS\amd64_microsoft.windows.common-controls_6595b64144ccf1df_6.0.22621.5124_none_270e8f4f7386d69d;C:\Program Files\Java\jdk-21\bin\server

VM Arguments:
java_command: org.jetbrains.kotlin.cli.jvm.K2JVMCompiler @C:\Users\alisa\AndroidStudioProjects\pawfect_match\app\build\20250502_10743067682958854741.compiler.options
java_class_path (initial): C:\Users\alisa\.gradle\caches\modules-2\files-2.1\org.jetbrains.kotlin\kotlin-compiler-embeddable\2.0.0\1de310de3446414381282ffc46c3ed3919a4d1da\kotlin-compiler-embeddable-2.0.0.jar;C:\Users\alisa\.gradle\caches\modules-2\files-2.1\org.jetbrains.kotlin\kotlin-stdlib\2.0.0\b48df2c4aede9586cc931ead433bc02d6fd7879e\kotlin-stdlib-2.0.0.jar;C:\Users\alisa\.gradle\caches\modules-2\files-2.1\org.jetbrains.kotlin\kotlin-script-runtime\2.0.0\fdc27dd047d592fa41d2dfa21e7621287a361612\kotlin-script-runtime-2.0.0.jar;C:\Users\alisa\.gradle\caches\modules-2\files-2.1\org.jetbrains.kotlin\kotlin-reflect\1.6.10\1cbe9c92c12a94eea200d23c2bbaedaf3daf5132\kotlin-reflect-1.6.10.jar;C:\Users\alisa\.gradle\caches\modules-2\files-2.1\org.jetbrains.kotlin\kotlin-daemon-embeddable\2.0.0\b39c612768614c4428c96ee9c65477181fffe9d\kotlin-daemon-embeddable-2.0.0.jar;C:\Users\alisa\.gradle\caches\modules-2\files-2.1\org.jetbrains.intellij.deps\trove4j\1.0.20200330\3afb14d5f9ceb459d724e907a21145e8ff394f02\trove4j-1.0.20200330.jar;C:\Users\alisa\.gradle\caches\modules-2\files-2.1\org.jetbrains\annotations\13.0\919f0dfe192fb4e063e7dacadee7f8bb9a2672a9\annotations-13.0.jar
Launcher Type: SUN_STANDARD

[Global flags]
     intx CICompilerCount                          = 3                                         {product} {ergonomic}
     uint ConcGCThreads                            = 2                                         {product} {ergonomic}
     uint G1ConcRefinementThreads                  = 6                                         {product} {ergonomic}
   size_t G1HeapRegionSize                         = 1048576                                   {product} {ergonomic}
    uintx GCDrainStackTargetSize                   = 64                                        {product} {ergonomic}
   size_t InitialHeapSize                          = 125829120                                 {product} {ergonomic}
   size_t MarkStackSize                            = 4194304                                   {product} {ergonomic}
   size_t MaxHeapSize                              = 1992294400                                {product} {ergonomic}
   size_t MaxNewSize                               = 1195376640                                {product} {ergonomic}
   size_t MinHeapDeltaBytes                        = 1048576                                   {product} {ergonomic}
   size_t MinHeapSize                              = 8388608                                   {product} {ergonomic}
    uintx NonNMethodCodeHeapSize                   = 5832780                                {pd product} {ergonomic}
    uintx NonProfiledCodeHeapSize                  = 122912730                              {pd product} {ergonomic}
    uintx ProfiledCodeHeapSize                     = 122912730                              {pd product} {ergonomic}
    uintx ReservedCodeCacheSize                    = 251658240                              {pd product} {ergonomic}
     bool SegmentedCodeCache                       = true                                      {product} {ergonomic}
   size_t SoftMaxHeapSize                          = 1992294400                             {manageable} {ergonomic}
     bool UseCompressedOops                        = true                           {product lp64_product} {ergonomic}
     bool UseG1GC                                  = true                                      {product} {ergonomic}
     bool UseLargePagesIndividualAllocation        = false                                  {pd product} {ergonomic}

Logging:
Log output configuration:
 #0: stdout all=warning uptime,level,tags foldmultilines=false
 #1: stderr all=off uptime,level,tags foldmultilines=false

Environment Variables:
PATH=C:\Program Files\Git\mingw64\bin;C:\Program Files\Git\usr\bin;C:\Users\alisa\bin;C:\Program Files\Common Files\Oracle\Java\javapath;C:\Program Files (x86)\Common Files\Oracle\Java\java8path;C:\Program Files (x86)\Common Files\Oracle\Java\javapath;C:\Program Files\Microsoft\jdk-11.0.16.101-hotspot\bin;C:\WINDOWS\system32;C:\WINDOWS;C:\WINDOWS\System32\Wbem;C:\WINDOWS\System32\WindowsPowerShell\v1.0;C:\WINDOWS\System32\OpenSSH;C:\Program Files\Common Files\Autodesk Shared;C:\Program Files\Microsoft SQL Server\120\Tools\Binn;C:\ProgramData\chocolatey\bin;C:\Program Files\Microsoft SQL Server\150\Tools\Binn;C:\Program Files\Microsoft SQL Server\Client SDK\ODBC\170\Tools\Binn;C:\Users\alisa\AppData\Roaming\nvm;C:\Program Files\nodejs;C:\Program Files\WireGuard;C:\Program Files\Docker\Docker\resources\bin;C:\Program Files\dotnet;C:\Program Files (x86)\Windows Kits\10\Windows Performance Toolkit;C:\Program Files\Git\cmd;C:\Program Files\Git\mingw64\bin;C:\Program Files\Git\usr\bin;C:\Users\alisa\anaconda3;C:\Users\alisa\anaconda3\Library\mingw-w64\bin;C:\Users\alisa\anaconda3\Library\usr\bin;C:\Users\alisa\anaconda3\Library\bin;C:\Users\alisa\anaconda3\Scripts;C:\Users\alisa\AppData\Local\Microsoft\WindowsApps;C:\Users\alisa\AppData\Local\Programs\Microsoft VS Code\bin;C:\Users\alisa\AppData\Roaming\npm;C:\Program Files\MongoDB\Server\4.4\bin;C:\\IntelliJ IDEA 2023.2.2\bin;C:\Users\alisa\AppData\Roaming\nvm;C:\Program Files\nodejs;C:\Users\alisa\.dotnet\tools;C:\Users\alisa\AppData\Local\JetBrains\Toolbox\scripts;C:\\. Java\maven\bin
USERNAME=alisa
TERM=xterm-256color
OS=Windows_NT
PROCESSOR_IDENTIFIER=AMD64 Family 23 Model 96 Stepping 1, AuthenticAMD
TMP=C:\Users\alisa\AppData\Local\Temp
TEMP=C:\Users\alisa\AppData\Local\Temp




---------------  S Y S T E M  ---------------

OS:
 Windows 11 , 64 bit Build 22621 (10.0.22621.5124)
OS uptime: 16 days 4:37 hours
Hyper-V role detected

CPU: total 6 (initial active 6) (6 cores per cpu, 1 threads per core) family 23 model 96 stepping 1 microcode 0x0, cx8, cmov, fxsr, mmx, 3dnowpref, sse, sse2, sse3, ssse3, sse4a, sse4.1, sse4.2, popcnt, lzcnt, tsc, tscinvbit, avx, avx2, aes, clmul, bmi1, bmi2, adx, sha, fma, vzeroupper, clflush, clflushopt, hv, rdtscp, rdpid, f16c
Processor Information for all 6 processors :
  Max Mhz: 2375, Current Mhz: 2375, Mhz Limit: 2375

Memory: 4k page, system-wide physical 7599M (245M free)
TotalPageFile size 31151M (AvailPageFile size 10M)
current process WorkingSet (physical memory assigned to process): 235M, peak: 235M
current process commit charge ("private bytes"): 306M, peak: 396M

vm_info: Java HotSpot(TM) 64-Bit Server VM (21+35-LTS-2513) for windows-amd64 JRE (21+35-LTS-2513), built on 2023-08-09T20:25:10Z by "mach5one" with MS VC++ 17.1 (VS2022)

END.
